

============================== 2023-03-30 00:28:39.512542 | 7897dd72-e1c2-4d37-bab7-7cd1d486dc79 ==============================
[0m00:28:39.512542 [info ] [MainThread]: Running with dbt=1.4.5
[0m00:28:39.515466 [debug] [MainThread]: running dbt with arguments {'write_json': True, 'use_colors': True, 'printer_width': 80, 'version_check': True, 'partial_parse': True, 'static_parser': True, 'profiles_dir': 'C:\\Users\\PC MATRIX\\.dbt', 'send_anonymous_usage_stats': True, 'quiet': False, 'no_print': False, 'cache_selected_only': False, 'project_name': 'dbt-shop', 'skip_profile_setup': False, 'which': 'init', 'indirect_selection': 'eager'}
[0m00:28:39.515466 [debug] [MainThread]: Tracking: tracking
[0m00:28:39.546442 [debug] [MainThread]: Sending event: {'category': 'dbt', 'action': 'invocation', 'label': 'start', 'context': [<snowplow_tracker.self_describing_json.SelfDescribingJson object at 0x000002AF4F11B9D0>, <snowplow_tracker.self_describing_json.SelfDescribingJson object at 0x000002AF4F165870>, <snowplow_tracker.self_describing_json.SelfDescribingJson object at 0x000002AF4F165A80>]}
[0m00:29:19.554897 [debug] [MainThread]: Starter project path: C:\Users\PC MATRIX\AppData\Local\Programs\Python\Python310\lib\site-packages\dbt\include\starter_project
[0m00:31:07.077849 [info ] [MainThread]: Profile shop written to C:\Users\PC MATRIX\.dbt\profiles.yml using target's profile_template.yml and your supplied values. Run 'dbt debug' to validate the connection.
[0m00:31:07.080032 [info ] [MainThread]: 
Your new dbt project "shop" was created!

For more information on how to configure the profiles.yml file,
please consult the dbt documentation here:

  https://docs.getdbt.com/docs/configure-your-profile

One more thing:

Need help? Don't hesitate to reach out to us via GitHub issues or on Slack:

  https://community.getdbt.com/

Happy modeling!

[0m00:31:07.084858 [debug] [MainThread]: Sending event: {'category': 'dbt', 'action': 'invocation', 'label': 'end', 'context': [<snowplow_tracker.self_describing_json.SelfDescribingJson object at 0x000002AF5A141570>, <snowplow_tracker.self_describing_json.SelfDescribingJson object at 0x000002AF5A79A140>, <snowplow_tracker.self_describing_json.SelfDescribingJson object at 0x000002AF5A79A470>]}
[0m00:31:07.084858 [debug] [MainThread]: Flushing usage events


============================== 2023-03-30 00:31:23.077882 | 5ed7c88e-e332-4228-aea3-d3ed1f227297 ==============================
[0m00:31:23.077882 [info ] [MainThread]: Running with dbt=1.4.5
[0m00:31:23.079722 [debug] [MainThread]: running dbt with arguments {'write_json': True, 'use_colors': True, 'printer_width': 80, 'version_check': True, 'partial_parse': True, 'static_parser': True, 'profiles_dir': 'C:\\Users\\PC MATRIX\\.dbt', 'send_anonymous_usage_stats': True, 'quiet': False, 'no_print': False, 'cache_selected_only': False, 'config_dir': False, 'which': 'debug', 'indirect_selection': 'eager'}
[0m00:31:23.079722 [debug] [MainThread]: Tracking: tracking
[0m00:31:23.103800 [debug] [MainThread]: Sending event: {'category': 'dbt', 'action': 'invocation', 'label': 'start', 'context': [<snowplow_tracker.self_describing_json.SelfDescribingJson object at 0x000001C1439A58A0>, <snowplow_tracker.self_describing_json.SelfDescribingJson object at 0x000001C1439A7190>, <snowplow_tracker.self_describing_json.SelfDescribingJson object at 0x000001C1439A4160>]}
[0m00:31:24.618855 [debug] [MainThread]: Executing "git --help"
[0m00:31:24.672753 [debug] [MainThread]: STDOUT: "b"usage: git [-v | --version] [-h | --help] [-C <path>] [-c <name>=<value>]\n           [--exec-path[=<path>]] [--html-path] [--man-path] [--info-path]\n           [-p | --paginate | -P | --no-pager] [--no-replace-objects] [--bare]\n           [--git-dir=<path>] [--work-tree=<path>] [--namespace=<name>]\n           [--super-prefix=<path>] [--config-env=<name>=<envvar>]\n           <command> [<args>]\n\nThese are common Git commands used in various situations:\n\nstart a working area (see also: git help tutorial)\n   clone     Clone a repository into a new directory\n   init      Create an empty Git repository or reinitialize an existing one\n\nwork on the current change (see also: git help everyday)\n   add       Add file contents to the index\n   mv        Move or rename a file, a directory, or a symlink\n   restore   Restore working tree files\n   rm        Remove files from the working tree and from the index\n\nexamine the history and state (see also: git help revisions)\n   bisect    Use binary search to find the commit that introduced a bug\n   diff      Show changes between commits, commit and working tree, etc\n   grep      Print lines matching a pattern\n   log       Show commit logs\n   show      Show various types of objects\n   status    Show the working tree status\n\ngrow, mark and tweak your common history\n   branch    List, create, or delete branches\n   commit    Record changes to the repository\n   merge     Join two or more development histories together\n   rebase    Reapply commits on top of another base tip\n   reset     Reset current HEAD to the specified state\n   switch    Switch branches\n   tag       Create, list, delete or verify a tag object signed with GPG\n\ncollaborate (see also: git help workflows)\n   fetch     Download objects and refs from another repository\n   pull      Fetch from and integrate with another repository or a local branch\n   push      Update remote refs along with associated objects\n\n'git help -a' and 'git help -g' list available subcommands and some\nconcept guides. See 'git help <command>' or 'git help <concept>'\nto read about a specific subcommand or concept.\nSee 'git help git' for an overview of the system.\n""
[0m00:31:24.673808 [debug] [MainThread]: STDERR: "b''"
[0m00:31:24.681022 [debug] [MainThread]: Acquiring new bigquery connection 'debug'
[0m00:31:24.682096 [debug] [MainThread]: Opening a new connection, currently in state init
[0m00:31:24.721929 [debug] [MainThread]: On debug: select 1 as id
[0m00:31:25.307262 [debug] [MainThread]: BigQuery adapter: Retry attempt 1 of 1 after error: BadRequest("POST https://bigquery.googleapis.com/bigquery/v2/projects/metal-hope-382022%20/jobs?prettyPrint=false: Invalid project ID 'metal-hope-382022 '. Project IDs must contain 6-63 lowercase letters, digits, or dashes. Some project IDs also include domain name separated by a colon. IDs must start with a letter and may not end with a dash.")
[0m00:31:25.559525 [error] [MainThread]: BigQuery adapter: https://console.cloud.google.com/bigquery?project=metal-hope-382022 &j=bq:US:d4c037f5-8832-40be-9ec6-6b677f4e56d6&page=queryresults
[0m00:31:25.562619 [debug] [MainThread]: Sending event: {'category': 'dbt', 'action': 'invocation', 'label': 'end', 'context': [<snowplow_tracker.self_describing_json.SelfDescribingJson object at 0x000001C1434803D0>, <snowplow_tracker.self_describing_json.SelfDescribingJson object at 0x000001C14EFAE260>, <snowplow_tracker.self_describing_json.SelfDescribingJson object at 0x000001C14EFEE800>]}
[0m00:31:25.563601 [debug] [MainThread]: Flushing usage events
[0m00:31:26.328177 [debug] [MainThread]: Connection 'debug' was properly closed.


============================== 2023-03-30 00:32:48.411128 | 01349fab-19ff-4c9d-916c-5286c51e3b59 ==============================
[0m00:32:48.411128 [info ] [MainThread]: Running with dbt=1.4.5
[0m00:32:48.414142 [debug] [MainThread]: running dbt with arguments {'write_json': True, 'use_colors': True, 'printer_width': 80, 'version_check': True, 'partial_parse': True, 'static_parser': True, 'profiles_dir': 'C:\\Users\\PC MATRIX\\.dbt', 'send_anonymous_usage_stats': True, 'quiet': False, 'no_print': False, 'cache_selected_only': False, 'config_dir': False, 'which': 'debug', 'indirect_selection': 'eager'}
[0m00:32:48.414142 [debug] [MainThread]: Tracking: tracking
[0m00:32:48.444565 [debug] [MainThread]: Sending event: {'category': 'dbt', 'action': 'invocation', 'label': 'start', 'context': [<snowplow_tracker.self_describing_json.SelfDescribingJson object at 0x000001D755805ED0>, <snowplow_tracker.self_describing_json.SelfDescribingJson object at 0x000001D755807100>, <snowplow_tracker.self_describing_json.SelfDescribingJson object at 0x000001D755805120>]}
[0m00:32:49.804075 [debug] [MainThread]: Executing "git --help"
[0m00:32:49.849072 [debug] [MainThread]: STDOUT: "b"usage: git [-v | --version] [-h | --help] [-C <path>] [-c <name>=<value>]\n           [--exec-path[=<path>]] [--html-path] [--man-path] [--info-path]\n           [-p | --paginate | -P | --no-pager] [--no-replace-objects] [--bare]\n           [--git-dir=<path>] [--work-tree=<path>] [--namespace=<name>]\n           [--super-prefix=<path>] [--config-env=<name>=<envvar>]\n           <command> [<args>]\n\nThese are common Git commands used in various situations:\n\nstart a working area (see also: git help tutorial)\n   clone     Clone a repository into a new directory\n   init      Create an empty Git repository or reinitialize an existing one\n\nwork on the current change (see also: git help everyday)\n   add       Add file contents to the index\n   mv        Move or rename a file, a directory, or a symlink\n   restore   Restore working tree files\n   rm        Remove files from the working tree and from the index\n\nexamine the history and state (see also: git help revisions)\n   bisect    Use binary search to find the commit that introduced a bug\n   diff      Show changes between commits, commit and working tree, etc\n   grep      Print lines matching a pattern\n   log       Show commit logs\n   show      Show various types of objects\n   status    Show the working tree status\n\ngrow, mark and tweak your common history\n   branch    List, create, or delete branches\n   commit    Record changes to the repository\n   merge     Join two or more development histories together\n   rebase    Reapply commits on top of another base tip\n   reset     Reset current HEAD to the specified state\n   switch    Switch branches\n   tag       Create, list, delete or verify a tag object signed with GPG\n\ncollaborate (see also: git help workflows)\n   fetch     Download objects and refs from another repository\n   pull      Fetch from and integrate with another repository or a local branch\n   push      Update remote refs along with associated objects\n\n'git help -a' and 'git help -g' list available subcommands and some\nconcept guides. See 'git help <command>' or 'git help <concept>'\nto read about a specific subcommand or concept.\nSee 'git help git' for an overview of the system.\n""
[0m00:32:49.850543 [debug] [MainThread]: STDERR: "b''"
[0m00:32:49.859088 [debug] [MainThread]: Acquiring new bigquery connection 'debug'
[0m00:32:49.860360 [debug] [MainThread]: Opening a new connection, currently in state init
[0m00:32:49.898322 [debug] [MainThread]: On debug: select 1 as id
[0m00:32:51.457127 [debug] [MainThread]: BigQuery adapter: https://console.cloud.google.com/bigquery?project=metal-hope-382022&j=bq:US:137da644-a72a-4a73-9a14-0a9465c94dee&page=queryresults
[0m00:32:51.459094 [debug] [MainThread]: Sending event: {'category': 'dbt', 'action': 'invocation', 'label': 'end', 'context': [<snowplow_tracker.self_describing_json.SelfDescribingJson object at 0x000001D760E0FD30>, <snowplow_tracker.self_describing_json.SelfDescribingJson object at 0x000001D760E0F520>, <snowplow_tracker.self_describing_json.SelfDescribingJson object at 0x000001D760E0D450>]}
[0m00:32:51.459094 [debug] [MainThread]: Flushing usage events
[0m00:32:52.226345 [debug] [MainThread]: Connection 'debug' was properly closed.


============================== 2023-03-30 00:39:32.832620 | d3953bb3-4f1d-4387-86b2-b15bd3ef63b7 ==============================
[0m00:39:32.832620 [info ] [MainThread]: Running with dbt=1.4.5
[0m00:39:32.834737 [debug] [MainThread]: running dbt with arguments {'write_json': True, 'use_colors': True, 'printer_width': 80, 'version_check': True, 'partial_parse': True, 'static_parser': True, 'profiles_dir': 'C:\\Users\\PC MATRIX\\.dbt', 'send_anonymous_usage_stats': True, 'quiet': False, 'no_print': False, 'cache_selected_only': False, 'config_dir': False, 'which': 'debug', 'indirect_selection': 'eager'}
[0m00:39:32.835622 [debug] [MainThread]: Tracking: tracking
[0m00:39:32.856821 [debug] [MainThread]: Sending event: {'category': 'dbt', 'action': 'invocation', 'label': 'start', 'context': [<snowplow_tracker.self_describing_json.SelfDescribingJson object at 0x000001886D845ED0>, <snowplow_tracker.self_describing_json.SelfDescribingJson object at 0x000001886D847100>, <snowplow_tracker.self_describing_json.SelfDescribingJson object at 0x000001886D845120>]}
[0m00:39:34.240647 [debug] [MainThread]: Executing "git --help"
[0m00:39:34.278630 [debug] [MainThread]: STDOUT: "b"usage: git [-v | --version] [-h | --help] [-C <path>] [-c <name>=<value>]\n           [--exec-path[=<path>]] [--html-path] [--man-path] [--info-path]\n           [-p | --paginate | -P | --no-pager] [--no-replace-objects] [--bare]\n           [--git-dir=<path>] [--work-tree=<path>] [--namespace=<name>]\n           [--super-prefix=<path>] [--config-env=<name>=<envvar>]\n           <command> [<args>]\n\nThese are common Git commands used in various situations:\n\nstart a working area (see also: git help tutorial)\n   clone     Clone a repository into a new directory\n   init      Create an empty Git repository or reinitialize an existing one\n\nwork on the current change (see also: git help everyday)\n   add       Add file contents to the index\n   mv        Move or rename a file, a directory, or a symlink\n   restore   Restore working tree files\n   rm        Remove files from the working tree and from the index\n\nexamine the history and state (see also: git help revisions)\n   bisect    Use binary search to find the commit that introduced a bug\n   diff      Show changes between commits, commit and working tree, etc\n   grep      Print lines matching a pattern\n   log       Show commit logs\n   show      Show various types of objects\n   status    Show the working tree status\n\ngrow, mark and tweak your common history\n   branch    List, create, or delete branches\n   commit    Record changes to the repository\n   merge     Join two or more development histories together\n   rebase    Reapply commits on top of another base tip\n   reset     Reset current HEAD to the specified state\n   switch    Switch branches\n   tag       Create, list, delete or verify a tag object signed with GPG\n\ncollaborate (see also: git help workflows)\n   fetch     Download objects and refs from another repository\n   pull      Fetch from and integrate with another repository or a local branch\n   push      Update remote refs along with associated objects\n\n'git help -a' and 'git help -g' list available subcommands and some\nconcept guides. See 'git help <command>' or 'git help <concept>'\nto read about a specific subcommand or concept.\nSee 'git help git' for an overview of the system.\n""
[0m00:39:34.278630 [debug] [MainThread]: STDERR: "b''"
[0m00:39:34.297978 [debug] [MainThread]: Acquiring new bigquery connection 'debug'
[0m00:39:34.299676 [debug] [MainThread]: Opening a new connection, currently in state init
[0m00:39:34.343667 [debug] [MainThread]: On debug: select 1 as id
[0m00:39:35.994716 [debug] [MainThread]: BigQuery adapter: https://console.cloud.google.com/bigquery?project=metal-hope-382022&j=bq:US:a0079d59-b766-40fd-b783-5d8ec059e863&page=queryresults
[0m00:39:35.995636 [debug] [MainThread]: Sending event: {'category': 'dbt', 'action': 'invocation', 'label': 'end', 'context': [<snowplow_tracker.self_describing_json.SelfDescribingJson object at 0x0000018878E4FD30>, <snowplow_tracker.self_describing_json.SelfDescribingJson object at 0x0000018878E4F520>, <snowplow_tracker.self_describing_json.SelfDescribingJson object at 0x0000018878E4D450>]}
[0m00:39:35.996711 [debug] [MainThread]: Flushing usage events
[0m00:39:36.783871 [debug] [MainThread]: Connection 'debug' was properly closed.


============================== 2023-03-30 00:39:55.296370 | 67861371-ba91-437e-9080-a5fd18eb070b ==============================
[0m00:39:55.296370 [info ] [MainThread]: Running with dbt=1.4.5
[0m00:39:55.298390 [debug] [MainThread]: running dbt with arguments {'write_json': True, 'use_colors': True, 'printer_width': 80, 'version_check': True, 'partial_parse': True, 'static_parser': True, 'profiles_dir': 'C:\\Users\\PC MATRIX\\.dbt', 'send_anonymous_usage_stats': True, 'quiet': False, 'no_print': False, 'cache_selected_only': False, 'config_dir': False, 'which': 'debug', 'indirect_selection': 'eager'}
[0m00:39:55.298390 [debug] [MainThread]: Tracking: tracking
[0m00:39:55.321411 [debug] [MainThread]: Sending event: {'category': 'dbt', 'action': 'invocation', 'label': 'start', 'context': [<snowplow_tracker.self_describing_json.SelfDescribingJson object at 0x000001F819DB5E70>, <snowplow_tracker.self_describing_json.SelfDescribingJson object at 0x000001F819DB7160>, <snowplow_tracker.self_describing_json.SelfDescribingJson object at 0x000001F819DB5150>]}
[0m00:39:56.698402 [debug] [MainThread]: Executing "git --help"
[0m00:39:56.745396 [debug] [MainThread]: STDOUT: "b"usage: git [-v | --version] [-h | --help] [-C <path>] [-c <name>=<value>]\n           [--exec-path[=<path>]] [--html-path] [--man-path] [--info-path]\n           [-p | --paginate | -P | --no-pager] [--no-replace-objects] [--bare]\n           [--git-dir=<path>] [--work-tree=<path>] [--namespace=<name>]\n           [--super-prefix=<path>] [--config-env=<name>=<envvar>]\n           <command> [<args>]\n\nThese are common Git commands used in various situations:\n\nstart a working area (see also: git help tutorial)\n   clone     Clone a repository into a new directory\n   init      Create an empty Git repository or reinitialize an existing one\n\nwork on the current change (see also: git help everyday)\n   add       Add file contents to the index\n   mv        Move or rename a file, a directory, or a symlink\n   restore   Restore working tree files\n   rm        Remove files from the working tree and from the index\n\nexamine the history and state (see also: git help revisions)\n   bisect    Use binary search to find the commit that introduced a bug\n   diff      Show changes between commits, commit and working tree, etc\n   grep      Print lines matching a pattern\n   log       Show commit logs\n   show      Show various types of objects\n   status    Show the working tree status\n\ngrow, mark and tweak your common history\n   branch    List, create, or delete branches\n   commit    Record changes to the repository\n   merge     Join two or more development histories together\n   rebase    Reapply commits on top of another base tip\n   reset     Reset current HEAD to the specified state\n   switch    Switch branches\n   tag       Create, list, delete or verify a tag object signed with GPG\n\ncollaborate (see also: git help workflows)\n   fetch     Download objects and refs from another repository\n   pull      Fetch from and integrate with another repository or a local branch\n   push      Update remote refs along with associated objects\n\n'git help -a' and 'git help -g' list available subcommands and some\nconcept guides. See 'git help <command>' or 'git help <concept>'\nto read about a specific subcommand or concept.\nSee 'git help git' for an overview of the system.\n""
[0m00:39:56.746433 [debug] [MainThread]: STDERR: "b''"
[0m00:39:56.753538 [debug] [MainThread]: Acquiring new bigquery connection 'debug'
[0m00:39:56.755492 [debug] [MainThread]: Opening a new connection, currently in state init
[0m00:39:56.816381 [debug] [MainThread]: On debug: select 1 as id
[0m00:39:58.423384 [debug] [MainThread]: BigQuery adapter: https://console.cloud.google.com/bigquery?project=metal-hope-382022&j=bq:US:a048536d-7492-4c87-a1f3-b766a1b9eb9a&page=queryresults
[0m00:39:58.424495 [debug] [MainThread]: Sending event: {'category': 'dbt', 'action': 'invocation', 'label': 'end', 'context': [<snowplow_tracker.self_describing_json.SelfDescribingJson object at 0x000001F8253BDBA0>, <snowplow_tracker.self_describing_json.SelfDescribingJson object at 0x000001F8253BF160>, <snowplow_tracker.self_describing_json.SelfDescribingJson object at 0x000001F8253BE560>]}
[0m00:39:58.424495 [debug] [MainThread]: Flushing usage events
[0m00:39:59.160005 [debug] [MainThread]: Connection 'debug' was properly closed.


============================== 2023-03-30 00:40:53.429502 | 84180e75-1e26-41a3-99ad-e47ed3c2fa93 ==============================
[0m00:40:53.429502 [info ] [MainThread]: Running with dbt=1.4.5
[0m00:40:53.432459 [debug] [MainThread]: running dbt with arguments {'write_json': True, 'use_colors': True, 'printer_width': 80, 'version_check': True, 'partial_parse': True, 'static_parser': True, 'profiles_dir': 'C:\\Users\\PC MATRIX\\.dbt', 'send_anonymous_usage_stats': True, 'quiet': False, 'no_print': False, 'cache_selected_only': False, 'config_dir': False, 'which': 'debug', 'indirect_selection': 'eager'}
[0m00:40:53.432459 [debug] [MainThread]: Tracking: tracking
[0m00:40:53.445486 [debug] [MainThread]: Sending event: {'category': 'dbt', 'action': 'invocation', 'label': 'start', 'context': [<snowplow_tracker.self_describing_json.SelfDescribingJson object at 0x0000020DDBAA5E40>, <snowplow_tracker.self_describing_json.SelfDescribingJson object at 0x0000020DDBAA7190>, <snowplow_tracker.self_describing_json.SelfDescribingJson object at 0x0000020DDBAA5180>]}
[0m00:40:54.752238 [debug] [MainThread]: Executing "git --help"
[0m00:40:54.786018 [debug] [MainThread]: STDOUT: "b"usage: git [-v | --version] [-h | --help] [-C <path>] [-c <name>=<value>]\n           [--exec-path[=<path>]] [--html-path] [--man-path] [--info-path]\n           [-p | --paginate | -P | --no-pager] [--no-replace-objects] [--bare]\n           [--git-dir=<path>] [--work-tree=<path>] [--namespace=<name>]\n           [--super-prefix=<path>] [--config-env=<name>=<envvar>]\n           <command> [<args>]\n\nThese are common Git commands used in various situations:\n\nstart a working area (see also: git help tutorial)\n   clone     Clone a repository into a new directory\n   init      Create an empty Git repository or reinitialize an existing one\n\nwork on the current change (see also: git help everyday)\n   add       Add file contents to the index\n   mv        Move or rename a file, a directory, or a symlink\n   restore   Restore working tree files\n   rm        Remove files from the working tree and from the index\n\nexamine the history and state (see also: git help revisions)\n   bisect    Use binary search to find the commit that introduced a bug\n   diff      Show changes between commits, commit and working tree, etc\n   grep      Print lines matching a pattern\n   log       Show commit logs\n   show      Show various types of objects\n   status    Show the working tree status\n\ngrow, mark and tweak your common history\n   branch    List, create, or delete branches\n   commit    Record changes to the repository\n   merge     Join two or more development histories together\n   rebase    Reapply commits on top of another base tip\n   reset     Reset current HEAD to the specified state\n   switch    Switch branches\n   tag       Create, list, delete or verify a tag object signed with GPG\n\ncollaborate (see also: git help workflows)\n   fetch     Download objects and refs from another repository\n   pull      Fetch from and integrate with another repository or a local branch\n   push      Update remote refs along with associated objects\n\n'git help -a' and 'git help -g' list available subcommands and some\nconcept guides. See 'git help <command>' or 'git help <concept>'\nto read about a specific subcommand or concept.\nSee 'git help git' for an overview of the system.\n""
[0m00:40:54.787007 [debug] [MainThread]: STDERR: "b''"
[0m00:40:54.791641 [debug] [MainThread]: Acquiring new bigquery connection 'debug'
[0m00:40:54.792309 [debug] [MainThread]: Opening a new connection, currently in state init
[0m00:40:54.849048 [debug] [MainThread]: On debug: select 1 as id
[0m00:40:56.325591 [debug] [MainThread]: BigQuery adapter: https://console.cloud.google.com/bigquery?project=metal-hope-382022&j=bq:US:29ef1079-e4e8-4041-a9d1-4c856032beee&page=queryresults
[0m00:40:56.327341 [debug] [MainThread]: Sending event: {'category': 'dbt', 'action': 'invocation', 'label': 'end', 'context': [<snowplow_tracker.self_describing_json.SelfDescribingJson object at 0x0000020DE70AD510>, <snowplow_tracker.self_describing_json.SelfDescribingJson object at 0x0000020DE70AFF40>, <snowplow_tracker.self_describing_json.SelfDescribingJson object at 0x0000020DE70AFFD0>]}
[0m00:40:56.327341 [debug] [MainThread]: Flushing usage events
[0m00:40:57.124356 [debug] [MainThread]: Connection 'debug' was properly closed.
